This is cutadapt 3.4 with Python 3.6.13
Command line parameters: --discard-untrimmed -O 16 --cores 1 -b CTACGGGNGGCWGCAG -B GACTACHVGGGTATCTAATCC -o /mnt/c/Users/Cedric/Desktop/year_3/BIOC0023/BIOC0023_dissertation/sunbeam_pipeline/sunbeam_output/qc/01_cutadapt/14k_S14_1.fastq.gz -p /mnt/c/Users/Cedric/Desktop/year_3/BIOC0023/BIOC0023_dissertation/sunbeam_pipeline/sunbeam_output/qc/01_cutadapt/14k_S14_2.fastq.gz /mnt/c/Users/Cedric/Desktop/year_3/BIOC0023/BIOC0023_dissertation/sunbeam_pipeline/sunbeam_output/qc/00_samples/14k_S14_1.fastq.gz /mnt/c/Users/Cedric/Desktop/year_3/BIOC0023/BIOC0023_dissertation/sunbeam_pipeline/sunbeam_output/qc/00_samples/14k_S14_2.fastq.gz
Processing reads on 1 core in paired-end mode ...
Finished in 14.43 s (30 us/read; 1.98 M reads/minute).

=== Summary ===

Total read pairs processed:            475,687
  Read 1 with adapter:                 462,937 (97.3%)
  Read 2 with adapter:                 466,473 (98.1%)
Pairs written (passing filters):       454,971 (95.6%)

Total basepairs processed:   285,590,730 bp
  Read 1:   142,953,139 bp
  Read 2:   142,637,591 bp
Total written (filtered):    129,949,732 bp (45.5%)
  Read 1:     3,017,233 bp
  Read 2:   126,932,499 bp

=== First read: Adapter 1 ===

Sequence: CTACGGGNGGCWGCAG; Type: variable 5'/3'; Length: 16; Trimmed: 462937 times
9160 times, it overlapped the 5' end of a read
453777 times, it overlapped the 3' end or was within the read

No. of allowed errors:
1-9 bp: 0; 10-15 bp: 1

Overview of removed sequences (5')
length	count	expect	max.err	error counts
15	563	0.0	1	0 563
16	8558	0.0	1	4808 3750
17	39	0.0	1	0 39



Overview of removed sequences (3' or within)
length	count	expect	max.err	error counts
35	5	0.0	1	5
36	5	0.0	1	2 3
37	3	0.0	1	1 2
38	20	0.0	1	4 16
39	21	0.0	1	9 12
40	17	0.0	1	3 14
41	11	0.0	1	3 8
42	13	0.0	1	0 13
43	3	0.0	1	0 3
44	4	0.0	1	0 4
51	2	0.0	1	0 2
52	1	0.0	1	0 1
129	1	0.0	1	0 1
140	1	0.0	1	0 1
148	1	0.0	1	0 1
160	1	0.0	1	0 1
163	2	0.0	1	0 2
164	7	0.0	1	0 7
165	205	0.0	1	1 204
166	2	0.0	1	0 2
172	2	0.0	1	0 2
182	1	0.0	1	0 1
185	5	0.0	1	0 5
187	2	0.0	1	2
203	9	0.0	1	7 2
228	2	0.0	1	2
238	2	0.0	1	2
245	1	0.0	1	1
258	2	0.0	1	2
261	1	0.0	1	1
262	5	0.0	1	4 1
263	5	0.0	1	5
264	17	0.0	1	15 2
265	3	0.0	1	2 1
266	5	0.0	1	4 1
274	4	0.0	1	3 1
288	1	0.0	1	1
289	3	0.0	1	3
293	1	0.0	1	0 1
294	3	0.0	1	3
295	3	0.0	1	3
296	434	0.0	1	336 98
297	2058	0.0	1	1545 513
298	3576	0.0	1	2708 868
299	5549	0.0	1	4629 920
300	441758	0.0	1	370697 71061


=== Second read: Adapter 2 ===

Sequence: GACTACHVGGGTATCTAATCC; Type: variable 5'/3'; Length: 21; Trimmed: 466473 times
466201 times, it overlapped the 5' end of a read
272 times, it overlapped the 3' end or was within the read

No. of allowed errors:
1-9 bp: 0; 10-19 bp: 1; 20-21 bp: 2

Overview of removed sequences (5')
length	count	expect	max.err	error counts
16	6	0.0	1	2 4
17	5	0.0	1	1 4
18	61	0.0	1	11 46 4
19	908	0.0	1	73 262 573
20	17281	0.0	2	5043 11184 1054
21	445662	0.0	2	421543 21323 2796
22	2236	0.0	2	0 2009 227
23	42	0.0	2	0 0 42



Overview of removed sequences (3' or within)
length	count	expect	max.err	error counts
297	1	0.0	2	0 0 1
298	1	0.0	2	1
299	167	0.0	2	68 84 15
300	103	0.0	2	56 37 10
