This is cutadapt 3.4 with Python 3.6.13
Command line parameters: --discard-untrimmed -O 16 --cores 1 -b CTACGGGNGGCWGCAG -B GACTACHVGGGTATCTAATCC -o /mnt/c/Users/Cedric/Desktop/year_3/BIOC0023/BIOC0023_dissertation/sunbeam_pipeline/sunbeam_output/qc/01_cutadapt/15k_S15_1.fastq.gz -p /mnt/c/Users/Cedric/Desktop/year_3/BIOC0023/BIOC0023_dissertation/sunbeam_pipeline/sunbeam_output/qc/01_cutadapt/15k_S15_2.fastq.gz /mnt/c/Users/Cedric/Desktop/year_3/BIOC0023/BIOC0023_dissertation/sunbeam_pipeline/sunbeam_output/qc/00_samples/15k_S15_1.fastq.gz /mnt/c/Users/Cedric/Desktop/year_3/BIOC0023/BIOC0023_dissertation/sunbeam_pipeline/sunbeam_output/qc/00_samples/15k_S15_2.fastq.gz
Processing reads on 1 core in paired-end mode ...
Finished in 15.62 s (30 us/read; 1.98 M reads/minute).

=== Summary ===

Total read pairs processed:            514,541
  Read 1 with adapter:                 500,247 (97.2%)
  Read 2 with adapter:                 505,171 (98.2%)
Pairs written (passing filters):       492,564 (95.7%)

Total basepairs processed:   308,656,058 bp
  Read 1:   154,504,043 bp
  Read 2:   154,152,015 bp
Total written (filtered):    140,682,486 bp (45.6%)
  Read 1:     3,298,960 bp
  Read 2:   137,383,526 bp

=== First read: Adapter 1 ===

Sequence: CTACGGGNGGCWGCAG; Type: variable 5'/3'; Length: 16; Trimmed: 500247 times
10013 times, it overlapped the 5' end of a read
490234 times, it overlapped the 3' end or was within the read

No. of allowed errors:
1-9 bp: 0; 10-15 bp: 1

Overview of removed sequences (5')
length	count	expect	max.err	error counts
15	656	0.0	1	0 656
16	9325	0.0	1	5086 4239
17	32	0.0	1	0 32



Overview of removed sequences (3' or within)
length	count	expect	max.err	error counts
34	1	0.0	1	0 1
35	1	0.0	1	1
36	2	0.0	1	1 1
37	4	0.0	1	1 3
38	26	0.0	1	3 23
39	20	0.0	1	8 12
40	25	0.0	1	7 18
41	10	0.0	1	2 8
42	1	0.0	1	0 1
43	5	0.0	1	0 5
44	14	0.0	1	0 14
45	1	0.0	1	0 1
47	2	0.0	1	2
49	2	0.0	1	0 2
50	2	0.0	1	1 1
52	11	0.0	1	0 11
66	1	0.0	1	1
118	1	0.0	1	1
131	1	0.0	1	0 1
138	1	0.0	1	0 1
145	1	0.0	1	1
147	1	0.0	1	1
152	1	0.0	1	0 1
164	21	0.0	1	0 21
165	486	0.0	1	9 477
166	9	0.0	1	0 9
174	1	0.0	1	1
185	9	0.0	1	0 9
186	1	0.0	1	1
187	5	0.0	1	5
188	1	0.0	1	0 1
237	4	0.0	1	3 1
238	3	0.0	1	3
244	13	0.0	1	13
257	1	0.0	1	1
258	7	0.0	1	5 2
260	1	0.0	1	1
261	2	0.0	1	2
262	15	0.0	1	15
263	20	0.0	1	16 4
264	25	0.0	1	24 1
265	9	0.0	1	9
266	1	0.0	1	1
267	1	0.0	1	1
268	3	0.0	1	2 1
273	2	0.0	1	2
289	4	0.0	1	4
290	1	0.0	1	0 1
294	12	0.0	1	8 4
295	8	0.0	1	2 6
296	466	0.0	1	413 53
297	954	0.0	1	521 433
298	1715	0.0	1	1474 241
299	1827	0.0	1	1337 490
300	484473	0.0	1	407949 76524


=== Second read: Adapter 2 ===

Sequence: GACTACHVGGGTATCTAATCC; Type: variable 5'/3'; Length: 21; Trimmed: 505171 times
504876 times, it overlapped the 5' end of a read
295 times, it overlapped the 3' end or was within the read

No. of allowed errors:
1-9 bp: 0; 10-19 bp: 1; 20-21 bp: 2

Overview of removed sequences (5')
length	count	expect	max.err	error counts
16	5	0.0	1	4 1
17	6	0.0	1	3 3
18	61	0.0	1	3 53 5
19	924	0.0	1	71 294 559
20	19112	0.0	2	5541 12514 1057
21	482062	0.0	2	459853 19319 2890
22	2632	0.0	2	0 2398 234
23	74	0.0	2	0 0 74



Overview of removed sequences (3' or within)
length	count	expect	max.err	error counts
263	1	0.0	2	0 1
286	1	0.0	2	1
287	1	0.0	2	1
298	2	0.0	2	0 1 1
299	190	0.0	2	114 66 10
300	100	0.0	2	69 24 7
