This is cutadapt 3.4 with Python 3.6.13
Command line parameters: --discard-untrimmed -O 16 --cores 1 -b CTACGGGNGGCWGCAG -B GACTACHVGGGTATCTAATCC -o /mnt/c/Users/Cedric/Desktop/year_3/BIOC0023/BIOC0023_dissertation/sunbeam_pipeline/sunbeam_output/qc/01_cutadapt/16k_S16_1.fastq.gz -p /mnt/c/Users/Cedric/Desktop/year_3/BIOC0023/BIOC0023_dissertation/sunbeam_pipeline/sunbeam_output/qc/01_cutadapt/16k_S16_2.fastq.gz /mnt/c/Users/Cedric/Desktop/year_3/BIOC0023/BIOC0023_dissertation/sunbeam_pipeline/sunbeam_output/qc/00_samples/16k_S16_1.fastq.gz /mnt/c/Users/Cedric/Desktop/year_3/BIOC0023/BIOC0023_dissertation/sunbeam_pipeline/sunbeam_output/qc/00_samples/16k_S16_2.fastq.gz
Processing reads on 1 core in paired-end mode ...
Finished in 9.73 s (31 us/read; 1.95 M reads/minute).

=== Summary ===

Total read pairs processed:            315,528
  Read 1 with adapter:                 306,395 (97.1%)
  Read 2 with adapter:                 309,734 (98.2%)
Pairs written (passing filters):       301,587 (95.6%)

Total basepairs processed:   189,187,606 bp
  Read 1:    94,707,399 bp
  Read 2:    94,480,207 bp
Total written (filtered):     86,050,961 bp (45.5%)
  Read 1:     1,957,729 bp
  Read 2:    84,093,232 bp

=== First read: Adapter 1 ===

Sequence: CTACGGGNGGCWGCAG; Type: variable 5'/3'; Length: 16; Trimmed: 306395 times
5922 times, it overlapped the 5' end of a read
300473 times, it overlapped the 3' end or was within the read

No. of allowed errors:
1-9 bp: 0; 10-15 bp: 1

Overview of removed sequences (5')
length	count	expect	max.err	error counts
15	362	0.0	1	0 362
16	5547	0.0	1	3121 2426
17	13	0.0	1	0 13



Overview of removed sequences (3' or within)
length	count	expect	max.err	error counts
35	2	0.0	1	2
36	4	0.0	1	3 1
37	2	0.0	1	0 2
38	22	0.0	1	7 15
39	15	0.0	1	6 9
40	10	0.0	1	4 6
41	10	0.0	1	1 9
42	6	0.0	1	0 6
43	2	0.0	1	0 2
44	7	0.0	1	0 7
45	3	0.0	1	0 3
49	1	0.0	1	1
50	1	0.0	1	0 1
51	1	0.0	1	0 1
59	2	0.0	1	2
81	1	0.0	1	0 1
87	1	0.0	1	1
109	1	0.0	1	1
116	1	0.0	1	1
154	1	0.0	1	0 1
155	1	0.0	1	0 1
160	1	0.0	1	1
164	19	0.0	1	0 19
165	425	0.0	1	4 421
166	2	0.0	1	0 2
185	9	0.0	1	0 9
186	1	0.0	1	0 1
187	3	0.0	1	3
201	1	0.0	1	0 1
205	1	0.0	1	0 1
224	1	0.0	1	1
237	4	0.0	1	4
245	8	0.0	1	8
257	1	0.0	1	1
260	1	0.0	1	1
262	2	0.0	1	2
263	9	0.0	1	9
264	13	0.0	1	13
265	6	0.0	1	5 1
266	6	0.0	1	4 2
267	4	0.0	1	3 1
269	2	0.0	1	2
273	1	0.0	1	1
278	2	0.0	1	2
282	1	0.0	1	1
285	1	0.0	1	1
288	2	0.0	1	2
289	17	0.0	1	15 2
294	8	0.0	1	6 2
295	2	0.0	1	0 2
296	9	0.0	1	2 7
297	560	0.0	1	345 215
298	752	0.0	1	649 103
299	1213	0.0	1	923 290
300	297292	0.0	1	250803 46489


=== Second read: Adapter 2 ===

Sequence: GACTACHVGGGTATCTAATCC; Type: variable 5'/3'; Length: 21; Trimmed: 309734 times
309568 times, it overlapped the 5' end of a read
166 times, it overlapped the 3' end or was within the read

No. of allowed errors:
1-9 bp: 0; 10-19 bp: 1; 20-21 bp: 2

Overview of removed sequences (5')
length	count	expect	max.err	error counts
16	1	0.0	1	1
17	2	0.0	1	1 1
18	25	0.0	1	3 20 2
19	570	0.0	1	37 187 346
20	11624	0.0	2	3324 7636 664
21	295814	0.0	2	283006 11162 1646
22	1489	0.0	2	0 1355 134
23	43	0.0	2	0 0 43



Overview of removed sequences (3' or within)
length	count	expect	max.err	error counts
299	113	0.0	2	71 35 7
300	53	0.0	2	26 22 5
